2017/09/20 10:23:35 INFO  - jmeter.util.JMeterUtils: Setting Locale to en_IN 
2017/09/20 10:23:35 INFO  - jmeter.JMeter: Loading user properties from: /home/nikhilr/eclipse-workspaceNew/CustomerPortal/web/target/jmeter/bin/user.properties 
2017/09/20 10:23:35 INFO  - jmeter.JMeter: Loading system properties from: /home/nikhilr/eclipse-workspaceNew/CustomerPortal/web/target/jmeter/bin/system.properties 
2017/09/20 10:23:35 INFO  - jmeter.JMeter: Copyright (c) 1998-2012 The Apache Software Foundation 
2017/09/20 10:23:35 INFO  - jmeter.JMeter: Version 2.6 r1237317 
2017/09/20 10:23:35 INFO  - jmeter.JMeter: java.version=1.8.0_131 
2017/09/20 10:23:35 INFO  - jmeter.JMeter: java.vm.name=OpenJDK 64-Bit Server VM 
2017/09/20 10:23:35 INFO  - jmeter.JMeter: os.name=Linux 
2017/09/20 10:23:35 INFO  - jmeter.JMeter: os.arch=amd64 
2017/09/20 10:23:35 INFO  - jmeter.JMeter: os.version=4.4.0-96-generic 
2017/09/20 10:23:35 INFO  - jmeter.JMeter: file.encoding=UTF-8 
2017/09/20 10:23:35 INFO  - jmeter.JMeter: Default Locale=English (India) 
2017/09/20 10:23:35 INFO  - jmeter.JMeter: JMeter  Locale=English (India) 
2017/09/20 10:23:35 INFO  - jmeter.JMeter: JMeterHome=/home/nikhilr/eclipse-workspaceNew/CustomerPortal/web/target/jmeter 
2017/09/20 10:23:35 INFO  - jmeter.JMeter: user.dir  =/home/nikhilr/eclipse-workspaceNew/CustomerPortal/web/target/jmeter/bin 
2017/09/20 10:23:35 INFO  - jmeter.JMeter: PWD       =/home/nikhilr/eclipse-workspaceNew/CustomerPortal/web/target/jmeter/bin 
2017/09/20 10:23:35 INFO  - jmeter.JMeter: IP: 127.0.1.1 Name: PRINHYLTPHP0030 FullName: PRINHYLTPHP0030 
2017/09/20 10:23:35 INFO  - jmeter.services.FileServer: Default base='/home/nikhilr/eclipse-workspaceNew/CustomerPortal/web/target/jmeter/bin' 
2017/09/20 10:23:35 INFO  - jmeter.services.FileServer: Set new base='/home/nikhilr/eclipse-workspaceNew/CustomerPortal/web/src/test/jmeter' 
2017/09/20 10:23:35 INFO  - jmeter.JMeter: Loading file: /home/nikhilr/eclipse-workspaceNew/CustomerPortal/web/src/test/jmeter/CUstomer_support.jmx 
2017/09/20 10:23:35 INFO  - jmeter.save.SaveService: Testplan (JMX) version: 2.2. Testlog (JTL) version: 2.2 
2017/09/20 10:23:35 INFO  - jmeter.save.SaveService: Using SaveService properties file encoding UTF-8 
2017/09/20 10:23:35 INFO  - jmeter.save.SaveService: Using SaveService properties file version 1234216 
2017/09/20 10:23:35 INFO  - jmeter.save.SaveService: Using SaveService properties version 2.2 
2017/09/20 10:23:35 INFO  - jmeter.save.SaveService: All converter versions present and correct 
2017/09/20 10:23:35 INFO  - jmeter.protocol.http.control.CookieManager: Settings: Delete null: true Check: true Allow variable: true Save: false Prefix: COOKIE_ 
2017/09/20 10:23:35 INFO  - jmeter.protocol.http.sampler.HTTPSamplerBase: Cannot find .className property for htmlParser, using default 
2017/09/20 10:23:35 INFO  - jmeter.protocol.http.sampler.HTTPSamplerBase: Parser for text/html is  
2017/09/20 10:23:35 INFO  - jmeter.protocol.http.sampler.HTTPSamplerBase: Parser for application/xhtml+xml is  
2017/09/20 10:23:35 INFO  - jmeter.protocol.http.sampler.HTTPSamplerBase: Parser for application/xml is  
2017/09/20 10:23:35 INFO  - jmeter.protocol.http.sampler.HTTPSamplerBase: Parser for text/xml is  
2017/09/20 10:23:35 INFO  - jmeter.protocol.http.sampler.HTTPSamplerBase: Parser for text/vnd.wap.wml is org.apache.jmeter.protocol.http.parser.RegexpHTMLParser 
2017/09/20 10:23:35 INFO  - jmeter.protocol.http.sampler.HTTPSamplerBase: Reuse SSL session context on subsequent iterations: true 
2017/09/20 10:23:36 INFO  - jmeter.engine.StandardJMeterEngine: Running the test! 
2017/09/20 10:23:36 INFO  - jmeter.engine.util.CompoundVariable: Note: Function class names must contain the string: '.functions.' 
2017/09/20 10:23:36 INFO  - jmeter.engine.util.CompoundVariable: Note: Function class names must not contain the string: '.gui.' 
2017/09/20 10:23:36 INFO  - jmeter.JMeter: Running test (1505883216393) 
2017/09/20 10:23:36 INFO  - jmeter.engine.StandardJMeterEngine: Starting 1 threads for group Thread Group. 
2017/09/20 10:23:36 INFO  - jmeter.engine.StandardJMeterEngine: Thread will continue on error 
2017/09/20 10:23:36 INFO  - jmeter.threads.JMeterThread: jmeterthread.startearlier=true (see jmeter.properties) 
2017/09/20 10:23:36 INFO  - jmeter.threads.JMeterThread: Running PostProcessors in forward order 
2017/09/20 10:23:36 INFO  - jmeter.engine.StandardJMeterEngine: All threads have been started 
2017/09/20 10:23:36 INFO  - jmeter.threads.JMeterThread: Thread started: Thread Group 1-1 
2017/09/20 10:23:36 INFO  - jmeter.protocol.http.sampler.HTTPJavaImpl: Maximum connection retries = 10 
2017/09/20 10:23:36 INFO  - jmeter.samplers.SampleResult: Note: Sample TimeStamps are START times 
2017/09/20 10:23:36 INFO  - jmeter.samplers.SampleResult: sampleresult.default.encoding is set to ISO-8859-1 
2017/09/20 10:23:36 INFO  - jmeter.samplers.SampleResult: sampleresult.useNanoTime=true 
2017/09/20 10:23:36 INFO  - jmeter.samplers.SampleResult: sampleresult.nanoThreadSleep=5000 
2017/09/20 10:23:36 INFO  - jmeter.protocol.http.sampler.HTTPJavaImpl: Error Response Code: 404 
2017/09/20 10:23:36 INFO  - jmeter.util.JsseSSLManager: Using default SSL protocol: TLS 
2017/09/20 10:23:36 INFO  - jmeter.util.JsseSSLManager: SSL session context: per-thread 
2017/09/20 10:23:36 INFO  - jmeter.util.SSLManager: JmeterKeyStore Location:  type JKS 
2017/09/20 10:23:36 INFO  - jmeter.util.SSLManager: KeyStore created OK 
2017/09/20 10:23:36 WARN  - jmeter.util.SSLManager: Keystore file not found, loading empty keystore 
2017/09/20 10:24:00 INFO  - jmeter.threads.JMeterThread: Thread finished: Thread Group 1-1 
2017/09/20 10:24:00 INFO  - jmeter.engine.StandardJMeterEngine: Ending thread Thread Group 1-1 
2017/09/20 10:24:00 INFO  - jmeter.engine.StandardJMeterEngine: Notifying test listeners of end of test 
2017/09/20 10:24:00 INFO  - jmeter.engine.StandardJMeterEngine: Test has ended on host null 
